{
  "stats": {
    "suites": 1,
    "tests": 4,
    "passes": 4,
    "pending": 0,
    "failures": 0,
    "start": "2022-11-16T18:32:09.590Z",
    "end": "2022-11-16T18:32:45.302Z",
    "duration": 35712,
    "testsRegistered": 4,
    "passPercent": 100,
    "pendingPercent": 0,
    "other": 0,
    "hasOther": false,
    "skipped": 0,
    "hasSkipped": false
  },
  "results": [
    {
      "uuid": "f20a4ac5-1011-44ea-a383-ff1c918e0cc9",
      "title": "",
      "fullFile": "cypress/e2e/Testes/home.cy.js",
      "file": "cypress/e2e/Testes/home.cy.js",
      "beforeHooks": [],
      "afterHooks": [],
      "tests": [],
      "suites": [
        {
          "uuid": "fe180d16-5080-4f69-bed7-c3ff8232c583",
          "title": "suite de teste homepage e menus",
          "fullFile": "",
          "file": "",
          "beforeHooks": [],
          "afterHooks": [],
          "tests": [
            {
              "title": "1.a.b.c - teste banners e setas",
              "fullTitle": "suite de teste homepage e menus 1.a.b.c - teste banners e setas",
              "timedOut": null,
              "duration": 17475,
              "state": "passed",
              "speed": "slow",
              "pass": true,
              "fail": false,
              "pending": false,
              "context": null,
              "code": "cy.get('.slick-active').invoke('attr', 'data-index').should('eq', '0');\ncy.get('.slider-desktop').click();\ncy.get('h1').should('be.visible');\ncy.go('back');\ncy.get('.slider .slider-desktop button.slick-next').click();\ncy.get('.slick-active').invoke('attr', 'data-index').should('eq', '1');\ncy.get('.slider-desktop').click();\n;\ncy.get('h1').should('be.visible');\ncy.go('back');\ncy.get('.slider .slider-desktop button.slick-prev').click();\ncy.get('.slick-active').invoke('attr', 'data-index').should('eq', '2');\ncy.get('.slider-desktop').click();\ncy.get('h1').should('be.visible');",
              "err": {},
              "uuid": "b8a02cb4-6b66-4f55-ba2f-e8437b592d7d",
              "parentUUID": "fe180d16-5080-4f69-bed7-c3ff8232c583",
              "isHook": false,
              "skipped": false
            },
            {
              "title": "1.d.e - teste categorias em destaque",
              "fullTitle": "suite de teste homepage e menus 1.d.e - teste categorias em destaque",
              "timedOut": null,
              "duration": 412,
              "state": "passed",
              "speed": "fast",
              "pass": true,
              "fail": false,
              "pending": false,
              "context": null,
              "code": "for (let clickedIndex = 1; clickedIndex <= 5; clickedIndex++) {\n  it(`check if have products after click in category ${clickedIndex}`, () => {\n    cy.get(`${categoriesWrapper} button:nth-child(${clickedIndex})`).click();\n    for (let i = 1; i <= 5; i++) {\n      let panelIndex = i - 1; // Checa painel e se tem produtos nele\n      if (clickedIndex == i) {\n        cy.get(`#vertical-tabpanel-${panelIndex}`).should('be.visible');\n        cy.get(`#vertical-tabpanel-${panelIndex} .slick-track > .slick-slide`).should('have.length.greaterThan', 0);\n      } else {\n        // todos os outros paineis devem estar ocultos\n        cy.get(`#vertical-tabpanel-${panelIndex}`).should('not.be.visible');\n      }\n    }\n  });\n}",
              "err": {},
              "uuid": "66a2cb9f-ef76-460a-8a2a-854486989d82",
              "parentUUID": "fe180d16-5080-4f69-bed7-c3ff8232c583",
              "isHook": false,
              "skipped": false
            },
            {
              "title": "1.f - menu todas as categorias",
              "fullTitle": "suite de teste homepage e menus 1.f - menu todas as categorias",
              "timedOut": null,
              "duration": 7754,
              "state": "passed",
              "speed": "medium",
              "pass": true,
              "fail": false,
              "pending": false,
              "context": null,
              "code": "for (let clickedIndex = 1; clickedIndex <= 8; clickedIndex++) {\n  cy.get('.nav-link').first().click();\n  cy.get(`.MuiList-padding .dropdown-category-link:nth-child(${clickedIndex})`).click();\n  for (let clickedProd = 1; clickedProd <= 5; clickedProd++) {\n    //categoria sem produtos - buscar correção.\n    // cy.get(`.MuiGrid-grid-md-10 .MuiGrid-spacing-xs-2 :nth-child(${clickedProd})`).first().click({force: true});\n    cy.get('h1').should('be.visible');\n  }\n}",
              "err": {},
              "uuid": "b9561d9c-2e8f-4341-b02d-9d7f4f1a881b",
              "parentUUID": "fe180d16-5080-4f69-bed7-c3ff8232c583",
              "isHook": false,
              "skipped": false
            },
            {
              "title": "1.g - categorias do menu superior.",
              "fullTitle": "suite de teste homepage e menus 1.g - categorias do menu superior.",
              "timedOut": null,
              "duration": 8377,
              "state": "passed",
              "speed": "medium",
              "pass": true,
              "fail": false,
              "pending": false,
              "context": null,
              "code": "for (let clickedIndex = 2; clickedIndex <= 6; clickedIndex++) {\n  cy.get(`a.nav-link:nth-child(${clickedIndex})`).click();\n  cy.get('.section .product-box-header').should('be.visible');\n}",
              "err": {},
              "uuid": "76e6feed-2457-488d-9f88-dbdcb6742e64",
              "parentUUID": "fe180d16-5080-4f69-bed7-c3ff8232c583",
              "isHook": false,
              "skipped": false
            }
          ],
          "suites": [],
          "passes": [
            "b8a02cb4-6b66-4f55-ba2f-e8437b592d7d",
            "66a2cb9f-ef76-460a-8a2a-854486989d82",
            "b9561d9c-2e8f-4341-b02d-9d7f4f1a881b",
            "76e6feed-2457-488d-9f88-dbdcb6742e64"
          ],
          "failures": [],
          "pending": [],
          "skipped": [],
          "duration": 34018,
          "root": false,
          "rootEmpty": false,
          "_timeout": 2000
        }
      ],
      "passes": [],
      "failures": [],
      "pending": [],
      "skipped": [],
      "duration": 0,
      "root": true,
      "rootEmpty": true,
      "_timeout": 2000
    }
  ],
  "meta": {
    "mocha": {
      "version": "7.0.1"
    },
    "mochawesome": {
      "options": {
        "quiet": false,
        "reportFilename": "mochawesome",
        "saveHtml": true,
        "saveJson": true,
        "consoleReporter": "spec",
        "useInlineDiffs": false,
        "code": true
      },
      "version": "7.1.3"
    },
    "marge": {
      "options": null,
      "version": "6.2.0"
    }
  }
}